<?xml version="1.0" encoding="UTF-8"?>
<testng-results skipped="0" failed="0" ignored="0" total="2" passed="2">
  <reporter-output>
  </reporter-output>
  <suite name="Default suite" duration-ms="264" started-at="2019-11-17T17:15:46 IST" finished-at="2019-11-17T17:15:46 IST">
    <groups>
    </groups>
    <test name="Default test" duration-ms="264" started-at="2019-11-17T17:15:46 IST" finished-at="2019-11-17T17:15:46 IST">
      <class name="FirstMavenProject.FirstMavenProject.NewTest">
        <test-method status="PASS" signature="launchBrowser()[pri:0, instance:FirstMavenProject.FirstMavenProject.NewTest@6e6c3152]" name="launchBrowser" duration-ms="31" started-at="2019-11-17T17:15:46 IST" finished-at="2019-11-17T17:15:46 IST">
          <reporter-output>
          </reporter-output>
        </test-method> <!-- launchBrowser -->
        <test-method status="PASS" signature="launchBrowser1()[pri:0, instance:FirstMavenProject.FirstMavenProject.NewTest@6e6c3152]" name="launchBrowser1" duration-ms="0" started-at="2019-11-17T17:15:46 IST" finished-at="2019-11-17T17:15:46 IST">
          <reporter-output>
          </reporter-output>
        </test-method> <!-- launchBrowser1 -->
      </class> <!-- FirstMavenProject.FirstMavenProject.NewTest -->
    </test> <!-- Default test -->
  </suite> <!-- Default suite -->
</testng-results>
